Starting game...
Initializing graphics...
Graphics initialized successfully
Background cleared
Game data initialized
Game state set to MENU
Frame rate control initialized
Entering main loop
Processing input...
Processing mouse messages...
Drawing interface...
Drawing MENU...
Controlling frame rate...
Processing input...
Processing mouse messages...
Mouse message: x=1014, y=774, is_down=0
Mouse message: x=1014, y=774, is_down=0
Drawing interface...
Drawing MENU...
Controlling frame rate...
Processing input...
Processing mouse messages...
Mouse message: x=1011, y=774, is_down=0
Mouse message: x=1010, y=774, is_down=0
Mouse message: x=1009, y=774, is_down=0
Mouse message: x=1007, y=774, is_down=0
Mouse message: x=1006, y=774, is_down=0
Mouse message: x=1005, y=775, is_down=0
Mouse message: x=1004, y=776, is_down=0
Mouse message: x=1002, y=776, is_down=0
Mouse message: x=1001, y=776, is_down=0
Mouse message: x=1000, y=776, is_down=0
Mouse message: x=999, y=776, is_down=0
Mouse message: x=998, y=776, is_down=0
Mouse message: x=998, y=776, is_down=0
Mouse message: x=996, y=776, is_down=0
Mouse message: x=995, y=776, is_down=0
Mouse message: x=994, y=776, is_down=0
Mouse message: x=994, y=776, is_down=0
Drawing interface...
Drawing MENU...
Controlling frame rate...
Processing input...
Processing mouse messages...
Mouse message: x=992, y=777, is_down=0
Mouse message: x=991, y=777, is_down=0
Mouse message: x=990, y=777, is_down=0
Mouse message: x=989, y=778, is_down=0
Mouse message: x=988, y=778, is_down=0
Mouse message: x=987, y=778, is_down=0
Mouse message: x=986, y=779, is_down=0
Mouse message: x=985, y=779, is_down=0
Mouse message: x=984, y=779, is_down=0
Mouse message: x=983, y=779, is_down=0
Mouse message: x=982, y=779, is_down=0
Mouse message: x=981, y=779, is_down=0
Mouse message: x=980, y=779, is_down=0
Mouse message: x=979, y=779, is_down=0
Mouse message: x=978, y=779, is_down=0
Mouse message: x=977, y=779, is_down=0
Drawing interface...
Drawing MENU...
Controlling frame rate...
Processing input...
Processing mouse messages...
Mouse message: x=974, y=779, is_down=0
Mouse message: x=974, y=779, is_down=0
Mouse message: x=972, y=779, is_down=0
Mouse message: x=972, y=779, is_down=0
Mouse message: x=971, y=779, is_down=0
Mouse message: x=969, y=779, is_down=0
Mouse message: x=969, y=779, is_down=0
Mouse message: x=968, y=779, is_down=0
Mouse message: x=967, y=779, is_down=0
Mouse message: x=966, y=779, is_down=0
Mouse message: x=965, y=778, is_down=0
Mouse message: x=964, y=777, is_down=0
Mouse message: x=963, y=777, is_down=0
Mouse message: x=962, y=777, is_down=0
Mouse message: x=962, y=776, is_down=0
Mouse message: x=963, y=776, is_down=0
Mouse message: x=962, y=775, is_down=0
Drawing interface...
Drawing MENU...
Controlling frame rate...
Processing input...
Processing mouse messages...
Mouse message: x=960, y=774, is_down=0
Mouse message: x=960, y=773, is_down=0
Mouse message: x=959, y=773, is_down=0
Mouse message: x=958, y=771, is_down=0
Mouse message: x=957, y=771, is_down=0
Mouse message: x=956, y=769, is_down=0
Mouse message: x=956, y=769, is_down=0
Mouse message: x=955, y=767, is_down=0
Mouse message: x=955, y=767, is_down=0
Mouse message: x=954, y=766, is_down=0
Mouse message: x=953, y=766, is_down=0
Mouse message: x=953, y=764, is_down=0
Mouse message: x=953, y=763, is_down=0
Mouse message: x=953, y=761, is_down=0
Mouse message: x=952, y=761, is_down=0
Mouse message: x=952, y=759, is_down=0
Drawing interface...
Drawing MENU...
Controlling frame rate...
Processing input...
Processing mouse messages...
Mouse message: x=951, y=757, is_down=0
Mouse message: x=951, y=756, is_down=0
Mouse message: x=950, y=754, is_down=0
Mouse message: x=950, y=753, is_down=0
Mouse message: x=949, y=751, is_down=0
Mouse message: x=949, y=749, is_down=0
Mouse message: x=949, y=747, is_down=0
Mouse message: x=949, y=745, is_down=0
Mouse message: x=949, y=745, is_down=0
Mouse message: x=949, y=743, is_down=0
Mouse message: x=949, y=741, is_down=0
Mouse message: x=948, y=739, is_down=0
Mouse message: x=948, y=739, is_down=0
Mouse message: x=948, y=737, is_down=0
Mouse message: x=948, y=735, is_down=0
Mouse message: x=948, y=734, is_down=0
Drawing interface...
Drawing MENU...
Controlling frame rate...
Processing input...
Processing mouse messages...
Mouse message: x=948, y=730, is_down=0
Mouse message: x=948, y=729, is_down=0
Mouse message: x=948, y=727, is_down=0
Mouse message: x=949, y=725, is_down=0
Mouse message: x=949, y=724, is_down=0
Mouse message: x=949, y=722, is_down=0
Mouse message: x=949, y=719, is_down=0
Mouse message: x=949, y=719, is_down=0
Mouse message: x=950, y=718, is_down=0
Mouse message: x=950, y=715, is_down=0
Mouse message: x=950, y=714, is_down=0
Mouse message: x=950, y=715, is_down=0
Mouse message: x=949, y=717, is_down=0
Mouse message: x=949, y=716, is_down=0
Mouse message: x=949, y=715, is_down=0
Mouse message: x=950, y=713, is_down=0
Drawing interface...
Drawing MENU...
Controlling frame rate...
Processing input...
Processing mouse messages...
Mouse message: x=951, y=710, is_down=0
Mouse message: x=952, y=708, is_down=0
Mouse message: x=952, y=707, is_down=0
Mouse message: x=953, y=705, is_down=0
Mouse message: x=953, y=704, is_down=0
Mouse message: x=954, y=702, is_down=0
Mouse message: x=955, y=699, is_down=0
Mouse message: x=955, y=699, is_down=0
Mouse message: x=956, y=697, is_down=0
Mouse message: x=957, y=696, is_down=0
Mouse message: x=957, y=693, is_down=0
Mouse message: x=958, y=693, is_down=0
Mouse message: x=959, y=691, is_down=0
Mouse message: x=960, y=688, is_down=0
Drawing interface...
Drawing MENU...
Controlling frame rate...
Processing input...
Processing mouse messages...
Mouse message: x=962, y=684, is_down=0
Mouse message: x=962, y=684, is_down=0
Mouse message: x=964, y=682, is_down=0
Mouse message: x=965, y=678, is_down=0
Mouse message: x=960, y=683, is_down=0
Mouse message: x=961, y=681, is_down=0
Mouse message: x=962, y=679, is_down=0
Mouse message: x=964, y=676, is_down=0
Mouse message: x=965, y=674, is_down=0
Mouse message: x=966, y=672, is_down=0
Mouse message: x=967, y=670, is_down=0
Mouse message: x=969, y=666, is_down=0
Mouse message: x=969, y=664, is_down=0
Mouse message: x=972, y=661, is_down=0
Mouse message: x=972, y=660, is_down=0
Drawing interface...
Drawing MENU...
Controlling frame rate...
Processing input...
Processing mouse messages...
Mouse message: x=975, y=655, is_down=0
Mouse message: x=976, y=651, is_down=0
Mouse message: x=980, y=654, is_down=0
Mouse message: x=981, y=651, is_down=0
Mouse message: x=982, y=648, is_down=0
Mouse message: x=984, y=646, is_down=0
Mouse message: x=985, y=642, is_down=0
Mouse message: x=987, y=637, is_down=0
Mouse message: x=988, y=636, is_down=0
Mouse message: x=990, y=631, is_down=0
Mouse message: x=991, y=627, is_down=0
Mouse message: x=993, y=623, is_down=0
Mouse message: x=995, y=618, is_down=0
Mouse message: x=997, y=615, is_down=0
Mouse message: x=998, y=612, is_down=0
Mouse message: x=1000, y=607, is_down=0
Drawing interface...
Drawing MENU...
Controlling frame rate...
Processing input...
Processing mouse messages...
Mouse message: x=1003, y=599, is_down=0
Mouse message: x=1005, y=595, is_down=0
Mouse message: x=1001, y=595, is_down=0
Mouse message: x=999, y=593, is_down=0
Mouse message: x=999, y=590, is_down=0
Mouse message: x=1000, y=587, is_down=0
Mouse message: x=1001, y=584, is_down=0
Mouse message: x=1003, y=579, is_down=0
Mouse message: x=1005, y=577, is_down=0
Mouse message: x=1006, y=572, is_down=0
Mouse message: x=1007, y=569, is_down=0
Mouse message: x=1010, y=563, is_down=0
Mouse message: x=1011, y=561, is_down=0
Mouse message: x=1012, y=557, is_down=0
Mouse message: x=1012, y=559, is_down=0
Mouse message: x=1011, y=561, is_down=0
Drawing interface...
Drawing MENU...
Controlling frame rate...
Processing input...
Processing mouse messages...
Mouse message: x=1012, y=557, is_down=0
Mouse message: x=1013, y=553, is_down=0
Mouse message: x=1015, y=547, is_down=0
Mouse message: x=1017, y=545, is_down=0
Mouse message: x=1018, y=540, is_down=0
Mouse message: x=1020, y=534, is_down=0
Mouse message: x=1021, y=529, is_down=0
Mouse message: x=1023, y=523, is_down=0
Mouse message: x=1025, y=519, is_down=0
Mouse message: x=1019, y=527, is_down=0
Mouse message: x=1019, y=525, is_down=0
Mouse message: x=1020, y=522, is_down=0
Mouse message: x=1023, y=516, is_down=0
Mouse message: x=1019, y=520, is_down=0
Drawing interface...
Drawing MENU...
Controlling frame rate...
Processing input...
Processing mouse messages...
Mouse message: x=1021, y=513, is_down=0
Mouse message: x=1023, y=509, is_down=0
Mouse message: x=1026, y=503, is_down=0
Mouse message: x=1027, y=499, is_down=0
Mouse message: x=1028, y=495, is_down=0
Mouse message: x=1031, y=491, is_down=0
Mouse message: x=1036, y=494, is_down=0
Mouse message: x=1037, y=491, is_down=0
Mouse message: x=1038, y=488, is_down=0
Mouse message: x=1040, y=482, is_down=0
Mouse message: x=1042, y=478, is_down=0
Mouse message: x=1044, y=473, is_down=0
Mouse message: x=1047, y=478, is_down=0
Mouse message: x=1048, y=475, is_down=0
Mouse message: x=1050, y=470, is_down=0
Mouse message: x=1051, y=466, is_down=0
Mouse message: x=1057, y=471, is_down=0
Mouse message: x=1059, y=469, is_down=0
Mouse message: x=1060, y=464, is_down=0
Drawing interface...
Drawing MENU...
Controlling frame rate...
Processing input...
Processing mouse messages...
Mouse message: x=1063, y=457, is_down=0
Mouse message: x=1064, y=455, is_down=0
Mouse message: x=1064, y=452, is_down=0
Mouse message: x=1067, y=448, is_down=0
Mouse message: x=1068, y=445, is_down=0
Mouse message: x=1069, y=442, is_down=0
Mouse message: x=1070, y=436, is_down=0
Mouse message: x=1072, y=432, is_down=0
Mouse message: x=1073, y=429, is_down=0
Mouse message: x=1075, y=426, is_down=0
Mouse message: x=1076, y=423, is_down=0
Mouse message: x=1078, y=420, is_down=0
Mouse message: x=1080, y=414, is_down=0
Mouse message: x=1080, y=412, is_down=0
Drawing interface...
Drawing MENU...
Controlling frame rate...
Processing input...
Processing mouse messages...
Mouse message: x=1082, y=407, is_down=0
Mouse message: x=1083, y=405, is_down=0
Mouse message: x=1084, y=402, is_down=0
Mouse message: x=1079, y=409, is_down=0
Mouse message: x=1080, y=407, is_down=0
Mouse message: x=1082, y=404, is_down=0
Mouse message: x=1084, y=400, is_down=0
Mouse message: x=1085, y=396, is_down=0
Mouse message: x=1087, y=393, is_down=0
Mouse message: x=1090, y=388, is_down=0
Mouse message: x=1090, y=389, is_down=0
Mouse message: x=1091, y=387, is_down=0
Mouse message: x=1092, y=384, is_down=0
Mouse message: x=1095, y=379, is_down=0
Mouse message: x=1096, y=377, is_down=0
Mouse message: x=1098, y=374, is_down=0
Mouse message: x=1100, y=370, is_down=0
Mouse message: x=1102, y=366, is_down=0
Mouse message: x=1104, y=362, is_down=0
Mouse message: x=1106, y=359, is_down=0
Drawing interface...
Drawing MENU...
Controlling frame rate...
Processing input...
Processing mouse messages...
Mouse message: x=1109, y=353, is_down=0
Mouse message: x=1111, y=350, is_down=0
Mouse message: x=1111, y=347, is_down=0
Mouse message: x=1114, y=345, is_down=0
Mouse message: x=1116, y=340, is_down=0
Mouse message: x=1117, y=338, is_down=0
Mouse message: x=1119, y=333, is_down=0
Mouse message: x=1120, y=330, is_down=0
Mouse message: x=1122, y=327, is_down=0
Mouse message: x=1124, y=324, is_down=0
Mouse message: x=1125, y=321, is_down=0
Mouse message: x=1127, y=318, is_down=0
Mouse message: x=1127, y=321, is_down=0
Mouse message: x=1127, y=319, is_down=0
Mouse message: x=1129, y=314, is_down=0
Mouse message: x=1129, y=312, is_down=0
Drawing interface...
Drawing MENU...
Controlling frame rate...
Processing input...
Processing mouse messages...
Mouse message: x=1132, y=306, is_down=0
Mouse message: x=1132, y=304, is_down=0
Mouse message: x=1132, y=306, is_down=0
Mouse message: x=1133, y=304, is_down=0
Mouse message: x=1134, y=301, is_down=0
Mouse message: x=1137, y=300, is_down=0
Mouse message: x=1138, y=297, is_down=0
Mouse message: x=1139, y=295, is_down=0
Mouse message: x=1139, y=292, is_down=0
Mouse message: x=1140, y=289, is_down=0
Mouse message: x=1142, y=286, is_down=0
Mouse message: x=1143, y=283, is_down=0
Mouse message: x=1143, y=281, is_down=0
Mouse message: x=1143, y=278, is_down=0
Mouse message: x=1140, y=280, is_down=0
Mouse message: x=1140, y=279, is_down=0
Mouse message: x=1140, y=276, is_down=0
Drawing interface...
Drawing MENU...
Controlling frame rate...
Processing input...
Processing mouse messages...
Mouse message: x=1140, y=271, is_down=0
Mouse message: x=1141, y=268, is_down=0
Mouse message: x=1144, y=273, is_down=0
Mouse message: x=1144, y=272, is_down=0
Mouse message: x=1144, y=269, is_down=0
Mouse message: x=1144, y=266, is_down=0
Mouse message: x=1144, y=264, is_down=0
Mouse message: x=1145, y=262, is_down=0
Mouse message: x=1145, y=259, is_down=0
Mouse message: x=1145, y=258, is_down=0
Mouse message: x=1144, y=261, is_down=0
Mouse message: x=1144, y=260, is_down=0
Mouse message: x=1144, y=257, is_down=0
Mouse message: x=1144, y=254, is_down=0
Mouse message: x=1144, y=251, is_down=0
Drawing interface...
Drawing MENU...
Controlling frame rate...
Processing input...
Processing mouse messages...
Mouse message: x=1144, y=248, is_down=0
Mouse message: x=1144, y=245, is_down=0
Mouse message: x=1144, y=242, is_down=0
Mouse message: x=1143, y=241, is_down=0
Mouse message: x=1143, y=238, is_down=0
Mouse message: x=1142, y=236, is_down=0
Mouse message: x=1142, y=232, is_down=0
Mouse message: x=1142, y=230, is_down=0
Mouse message: x=1142, y=227, is_down=0
Mouse message: x=1141, y=226, is_down=0
Mouse message: x=1140, y=224, is_down=0
Mouse message: x=1139, y=221, is_down=0
Mouse message: x=1139, y=217, is_down=0
Mouse message: x=1138, y=215, is_down=0
Mouse message: x=1137, y=213, is_down=0
Mouse message: x=1136, y=211, is_down=0
Mouse message: x=1136, y=208, is_down=0
Mouse message: x=1135, y=206, is_down=0
Drawing interface...
Drawing MENU...
Controlling frame rate...
Processing input...
Processing mouse messages...
Mouse message: x=1133, y=202, is_down=0
Mouse message: x=1133, y=199, is_down=0
Mouse message: x=1132, y=198, is_down=0
Mouse message: x=1131, y=196, is_down=0
Mouse message: x=1130, y=193, is_down=0
Mouse message: x=1130, y=191, is_down=0
Mouse message: x=1129, y=189, is_down=0
Mouse message: x=1128, y=186, is_down=0
Mouse message: x=1127, y=185, is_down=0
Mouse message: x=1127, y=183, is_down=0
Mouse message: x=1126, y=181, is_down=0
Mouse message: x=1126, y=179, is_down=0
Mouse message: x=1124, y=177, is_down=0
Mouse message: x=1123, y=174, is_down=0
Mouse message: x=1123, y=173, is_down=0
Mouse message: x=1122, y=171, is_down=0
Mouse message: x=1121, y=168, is_down=0
Drawing interface...
Drawing MENU...
Controlling frame rate...
Processing input...
Processing mouse messages...
Mouse message: x=1119, y=166, is_down=0
Mouse message: x=1118, y=163, is_down=0
Mouse message: x=1117, y=162, is_down=0
Mouse message: x=1117, y=160, is_down=0
Mouse message: x=1115, y=158, is_down=0
Mouse message: x=1114, y=157, is_down=0
Mouse message: x=1113, y=155, is_down=0
Mouse message: x=1112, y=152, is_down=0
Mouse message: x=1112, y=152, is_down=0
Mouse message: x=1111, y=150, is_down=0
Mouse message: x=1110, y=147, is_down=0
Mouse message: x=1109, y=147, is_down=0
Mouse message: x=1108, y=145, is_down=0
Mouse message: x=1107, y=143, is_down=0
Mouse message: x=1106, y=141, is_down=0
Mouse message: x=1105, y=138, is_down=0
Drawing interface...
Drawing MENU...
Controlling frame rate...
Processing input...
Processing mouse messages...
Mouse message: x=1103, y=136, is_down=0
Mouse message: x=1102, y=134, is_down=0
Mouse message: x=1101, y=132, is_down=0
Mouse message: x=1100, y=131, is_down=0
Mouse message: x=1099, y=129, is_down=0
Mouse message: x=1098, y=129, is_down=0
Mouse message: x=1097, y=127, is_down=0
Mouse message: x=1095, y=125, is_down=0
Mouse message: x=1095, y=124, is_down=0
Mouse message: x=1094, y=123, is_down=0
Mouse message: x=1093, y=121, is_down=0
Mouse message: x=1093, y=119, is_down=0
Mouse message: x=1090, y=118, is_down=0
Mouse message: x=1090, y=116, is_down=0
Mouse message: x=1089, y=115, is_down=0
Mouse message: x=1088, y=114, is_down=0
Drawing interface...
Drawing MENU...
Controlling frame rate...
Processing input...
Processing mouse messages...
Mouse message: x=1086, y=111, is_down=0
Mouse message: x=1085, y=109, is_down=0
Mouse message: x=1084, y=109, is_down=0
Mouse message: x=1084, y=108, is_down=0
Mouse message: x=1083, y=107, is_down=0
Mouse message: x=1082, y=106, is_down=0
Mouse message: x=1082, y=105, is_down=0
Mouse message: x=1081, y=104, is_down=0
Mouse message: x=1080, y=103, is_down=0
Mouse message: x=1080, y=102, is_down=0
Mouse message: x=1079, y=101, is_down=0
Mouse message: x=1079, y=100, is_down=0
Mouse message: x=1078, y=100, is_down=0
Mouse message: x=1077, y=99, is_down=0
Mouse message: x=1077, y=98, is_down=0
Mouse message: x=1076, y=97, is_down=0
Mouse message: x=1076, y=97, is_down=0
Drawing interface...
Drawing MENU...
Controlling frame rate...
Processing input...
Processing mouse messages...
Mouse message: x=1075, y=95, is_down=0
Mouse message: x=1075, y=95, is_down=0
Mouse message: x=1074, y=94, is_down=0
Mouse message: x=1074, y=94, is_down=0
Mouse message: x=1073, y=93, is_down=0
Mouse message: x=1073, y=93, is_down=0
Mouse message: x=1073, y=93, is_down=0
Mouse message: x=1073, y=92, is_down=0
Mouse message: x=1073, y=91, is_down=0
Mouse message: x=1072, y=91, is_down=0
Mouse message: x=1072, y=91, is_down=0
Mouse message: x=1072, y=90, is_down=0
Mouse message: x=1072, y=90, is_down=0
Mouse message: x=1071, y=90, is_down=0
Drawing interface...
Drawing MENU...
Controlling frame rate...
Processing input...
Processing mouse messages...
Mouse message: x=1070, y=89, is_down=0
Mouse message: x=1070, y=88, is_down=0
Mouse message: x=1070, y=88, is_down=0
Mouse message: x=1070, y=88, is_down=0
Mouse message: x=1070, y=87, is_down=0
Mouse message: x=1069, y=87, is_down=0
Mouse message: x=1069, y=86, is_down=0
Mouse message: x=1069, y=86, is_down=0
Mouse message: x=1069, y=86, is_down=0
Mouse message: x=1068, y=86, is_down=0
Drawing interface...
Drawing MENU...
Controlling frame rate...
Processing input...
Processing mouse messages...
Mouse message: x=1067, y=85, is_down=0
Mouse message: x=1067, y=85, is_down=0
Mouse message: x=1067, y=84, is_down=0
Mouse message: x=1065, y=83, is_down=0
Mouse message: x=1065, y=83, is_down=0
Mouse message: x=1064, y=82, is_down=0
Mouse message: x=1064, y=82, is_down=0
Mouse message: x=1062, y=81, is_down=0
Mouse message: x=1064, y=81, is_down=0
Mouse message: x=1063, y=80, is_down=0
Drawing interface...
Drawing MENU...
Controlling frame rate...
Processing input...
Processing mouse messages...
Mouse message: x=1062, y=79, is_down=0
Mouse message: x=1061, y=79, is_down=0
Mouse message: x=1061, y=78, is_down=0
Mouse message: x=1060, y=78, is_down=0
Mouse message: x=1059, y=78, is_down=0
Mouse message: x=1058, y=77, is_down=0
Mouse message: x=1058, y=76, is_down=0
Mouse message: x=1057, y=76, is_down=0
Mouse message: x=1055, y=74, is_down=0
Mouse message: x=1054, y=74, is_down=0
Mouse message: x=1053, y=73, is_down=0
Mouse message: x=1052, y=72, is_down=0
Mouse message: x=1050, y=70, is_down=0
Mouse message: x=1049, y=69, is_down=0
Mouse message: x=1048, y=68, is_down=0
Mouse message: x=1047, y=67, is_down=0
Drawing interface...
Drawing MENU...
Controlling frame rate...
Processing input...
Processing mouse messages...
Mouse message: x=1045, y=65, is_down=0
Mouse message: x=1043, y=64, is_down=0
Mouse message: x=1042, y=63, is_down=0
Mouse message: x=1040, y=62, is_down=0
Mouse message: x=1039, y=61, is_down=0
Mouse message: x=1037, y=60, is_down=0
Mouse message: x=1037, y=59, is_down=0
Mouse message: x=1034, y=58, is_down=0
Mouse message: x=1033, y=57, is_down=0
Mouse message: x=1032, y=55, is_down=0
Mouse message: x=1029, y=53, is_down=0
Mouse message: x=1028, y=51, is_down=0
Mouse message: x=1027, y=51, is_down=0
Mouse message: x=1024, y=48, is_down=0
Mouse message: x=1023, y=48, is_down=0
Mouse message: x=1022, y=47, is_down=0
Mouse message: x=1020, y=46, is_down=0
Drawing interface...
Drawing MENU...
Controlling frame rate...
Processing input...
Processing mouse messages...
Mouse message: x=1016, y=43, is_down=0
Mouse message: x=1015, y=41, is_down=0
Mouse message: x=1014, y=41, is_down=0
Mouse message: x=1011, y=39, is_down=0
Mouse message: x=1010, y=38, is_down=0
Mouse message: x=1008, y=36, is_down=0
Mouse message: x=1006, y=35, is_down=0
Mouse message: x=1005, y=33, is_down=0
Mouse message: x=1003, y=32, is_down=0
Mouse message: x=1002, y=31, is_down=0
Mouse message: x=1000, y=29, is_down=0
Mouse message: x=998, y=29, is_down=0
Mouse message: x=996, y=27, is_down=0
Mouse message: x=995, y=26, is_down=0
Drawing interface...
Drawing MENU...
Controlling frame rate...
Processing input...
Processing mouse messages...
Mouse message: x=991, y=23, is_down=0
Mouse message: x=990, y=22, is_down=0
Mouse message: x=988, y=21, is_down=0
Mouse message: x=986, y=19, is_down=0
Mouse message: x=986, y=19, is_down=0
Mouse message: x=983, y=16, is_down=0
Mouse message: x=981, y=16, is_down=0
Mouse message: x=980, y=14, is_down=0
Mouse message: x=979, y=13, is_down=0
Mouse message: x=977, y=11, is_down=0
Mouse message: x=976, y=11, is_down=0
Mouse message: x=974, y=10, is_down=0
Mouse message: x=972, y=9, is_down=0
Mouse message: x=971, y=7, is_down=0
Mouse message: x=969, y=7, is_down=0
Mouse message: x=967, y=5, is_down=0
Drawing interface...
Drawing MENU...
Controlling frame rate...
Processing input...
Processing mouse messages...
Mouse message: x=965, y=4, is_down=0
Mouse message: x=963, y=4, is_down=0
Mouse message: x=961, y=0, is_down=0
Mouse message: x=959, y=0, is_down=0
Drawing interface...
Drawing MENU...
Controlling frame rate...
Processing input...
Processing mouse messages...
Mouse message: x=712, y=0, is_down=0
Mouse message: x=711, y=0, is_down=0
Mouse message: x=710, y=0, is_down=0
Mouse message: x=709, y=0, is_down=0
Mouse message: x=708, y=0, is_down=0
Mouse message: x=707, y=0, is_down=0
Mouse message: x=706, y=0, is_down=0
Mouse message: x=704, y=0, is_down=0
Mouse message: x=704, y=0, is_down=0
Mouse message: x=703, y=0, is_down=0
Mouse message: x=702, y=0, is_down=0
Mouse message: x=700, y=0, is_down=0
Mouse message: x=699, y=0, is_down=0
Mouse message: x=698, y=0, is_down=0
Drawing interface...
Drawing MENU...
Controlling frame rate...
Processing input...
Processing mouse messages...
Mouse message: x=694, y=0, is_down=0
Mouse message: x=694, y=0, is_down=0
Mouse message: x=693, y=0, is_down=0
Mouse message: x=691, y=0, is_down=0
Mouse message: x=690, y=0, is_down=0
Mouse message: x=688, y=0, is_down=0
Mouse message: x=687, y=0, is_down=0
Mouse message: x=686, y=0, is_down=0
Mouse message: x=684, y=0, is_down=0
Mouse message: x=683, y=0, is_down=0
Mouse message: x=682, y=0, is_down=0
Drawing interface...
Drawing MENU...
Controlling frame rate...
Processing input...
Processing mouse messages...
Mouse message: x=762, y=0, is_down=0
Mouse message: x=762, y=0, is_down=0
Mouse message: x=762, y=1, is_down=0
Mouse message: x=765, y=1, is_down=0
Drawing interface...
Drawing MENU...
Controlling frame rate...
Processing input...
Processing mouse messages...
Mouse message: x=782, y=2, is_down=0
Mouse message: x=785, y=3, is_down=0
Mouse message: x=781, y=3, is_down=0
Mouse message: x=787, y=4, is_down=0
Mouse message: x=790, y=4, is_down=0
Mouse message: x=793, y=5, is_down=0
Mouse message: x=796, y=5, is_down=0
Mouse message: x=798, y=6, is_down=0
Mouse message: x=801, y=6, is_down=0
Mouse message: x=804, y=6, is_down=0
Mouse message: x=806, y=7, is_down=0
Mouse message: x=810, y=8, is_down=0
Mouse message: x=815, y=9, is_down=0
Drawing interface...
Drawing MENU...
Controlling frame rate...
Processing input...
Processing mouse messages...
Mouse message: x=823, y=11, is_down=0
Mouse message: x=826, y=11, is_down=0
Mouse message: x=832, y=11, is_down=0
Mouse message: x=838, y=13, is_down=0
Mouse message: x=843, y=14, is_down=0
Mouse message: x=843, y=14, is_down=0
Mouse message: x=848, y=15, is_down=0
Mouse message: x=851, y=16, is_down=0
Mouse message: x=854, y=16, is_down=0
Mouse message: x=857, y=17, is_down=0
Mouse message: x=861, y=18, is_down=0
Mouse message: x=865, y=18, is_down=0
Mouse message: x=871, y=20, is_down=0
Mouse message: x=877, y=21, is_down=0
Mouse message: x=882, y=22, is_down=0
Mouse message: x=888, y=23, is_down=0
Mouse message: x=896, y=25, is_down=0
Mouse message: x=898, y=26, is_down=0
Mouse message: x=901, y=26, is_down=0
Mouse message: x=905, y=27, is_down=0
Mouse message: x=910, y=28, is_down=0
Drawing interface...
Drawing MENU...
Controlling frame rate...
Processing input...
Processing mouse messages...
Mouse message: x=925, y=31, is_down=0
Mouse message: x=933, y=33, is_down=0
Mouse message: x=942, y=35, is_down=0
Mouse message: x=948, y=36, is_down=0
Mouse message: x=955, y=37, is_down=0
Mouse message: x=961, y=38, is_down=0
Mouse message: x=970, y=40, is_down=0
Mouse message: x=978, y=41, is_down=0
Mouse message: x=985, y=42, is_down=0
Mouse message: x=991, y=44, is_down=0
Mouse message: x=997, y=45, is_down=0
Mouse message: x=1006, y=46, is_down=0
Mouse message: x=1014, y=47, is_down=0
Mouse message: x=1022, y=49, is_down=0
Mouse message: x=1030, y=51, is_down=0
Mouse message: x=1036, y=52, is_down=0
Drawing interface...
Drawing MENU...
Controlling frame rate...
Processing input...
Processing mouse messages...
Mouse message: x=1052, y=55, is_down=0
Mouse message: x=1062, y=56, is_down=0
Mouse message: x=1069, y=57, is_down=0
Mouse message: x=1077, y=59, is_down=0
Mouse message: x=1083, y=60, is_down=0
Mouse message: x=1091, y=62, is_down=0
Mouse message: x=1099, y=64, is_down=0
Mouse message: x=1106, y=65, is_down=0
Mouse message: x=1114, y=66, is_down=0
Mouse message: x=1123, y=68, is_down=0
Mouse message: x=1129, y=69, is_down=0
Mouse message: x=1138, y=71, is_down=0
Mouse message: x=1146, y=72, is_down=0
Mouse message: x=1153, y=73, is_down=0
Mouse message: x=1161, y=75, is_down=0
Mouse message: x=1169, y=76, is_down=0
Mouse message: x=1177, y=78, is_down=0
Drawing interface...
Drawing MENU...
Controlling frame rate...
Processing input...
Processing mouse messages...
Mouse message: x=1191, y=80, is_down=0
Mouse message: x=1197, y=81, is_down=0
Drawing interface...
Drawing MENU...
Controlling frame rate...
Processing input...
Processing mouse messages...
Mouse message: x=682, y=896, is_down=0
Mouse message: x=683, y=894, is_down=0
Mouse message: x=683, y=892, is_down=0
Mouse message: x=683, y=889, is_down=0
Mouse message: x=684, y=887, is_down=0
Mouse message: x=684, y=884, is_down=0
Mouse message: x=684, y=882, is_down=0
Mouse message: x=686, y=879, is_down=0
Mouse message: x=686, y=877, is_down=0
Mouse message: x=686, y=874, is_down=0
Mouse message: x=687, y=873, is_down=0
Mouse message: x=688, y=868, is_down=0
Mouse message: x=688, y=866, is_down=0
Mouse message: x=686, y=868, is_down=0
Mouse message: x=686, y=866, is_down=0
Mouse message: x=686, y=863, is_down=0
Drawing interface...
Drawing MENU...
Controlling frame rate...
Processing input...
Processing mouse messages...
Mouse message: x=686, y=857, is_down=0
Mouse message: x=687, y=854, is_down=0
Mouse message: x=688, y=851, is_down=0
Mouse message: x=688, y=849, is_down=0
Mouse message: x=689, y=845, is_down=0
Mouse message: x=689, y=843, is_down=0
Mouse message: x=690, y=840, is_down=0
Mouse message: x=690, y=838, is_down=0
Mouse message: x=692, y=833, is_down=0
Mouse message: x=693, y=830, is_down=0
Mouse message: x=693, y=828, is_down=0
Mouse message: x=693, y=825, is_down=0
Mouse message: x=693, y=824, is_down=0
Mouse message: x=695, y=822, is_down=0
Mouse message: x=695, y=819, is_down=0
Mouse message: x=700, y=821, is_down=0
Mouse message: x=701, y=819, is_down=0
Drawing interface...
Drawing MENU...
Controlling frame rate...
Processing input...
Processing mouse messages...
Mouse message: x=702, y=816, is_down=0
Mouse message: x=703, y=812, is_down=0
Mouse message: x=703, y=818, is_down=0
Mouse message: x=704, y=817, is_down=0
Mouse message: x=705, y=813, is_down=0
Mouse message: x=706, y=813, is_down=0
Mouse message: x=707, y=811, is_down=0
Mouse message: x=707, y=809, is_down=0
Mouse message: x=707, y=811, is_down=0
Mouse message: x=707, y=810, is_down=0
Mouse message: x=707, y=808, is_down=0
Mouse message: x=708, y=806, is_down=0
Mouse message: x=710, y=805, is_down=0
Mouse message: x=708, y=806, is_down=0
Mouse message: x=706, y=808, is_down=0
Mouse message: x=706, y=806, is_down=0
Mouse message: x=707, y=805, is_down=0
Drawing interface...
Drawing MENU...
Controlling frame rate...
Processing input...
Processing mouse messages...
Mouse message: x=709, y=802, is_down=0
Mouse message: x=709, y=799, is_down=0
Mouse message: x=710, y=799, is_down=0
Mouse message: x=710, y=798, is_down=0
Mouse message: x=711, y=796, is_down=0
Mouse message: x=712, y=795, is_down=0
Mouse message: x=712, y=794, is_down=0
Mouse message: x=712, y=792, is_down=0
Mouse message: x=713, y=790, is_down=0
Mouse message: x=713, y=790, is_down=0
Mouse message: x=714, y=792, is_down=0
Mouse message: x=714, y=790, is_down=0
Mouse message: x=715, y=788, is_down=0
Mouse message: x=715, y=787, is_down=0
Mouse message: x=715, y=787, is_down=0
Mouse message: x=715, y=785, is_down=0
Drawing interface...
Drawing MENU...
Controlling frame rate...
Processing input...
Processing mouse messages...
Mouse message: x=720, y=786, is_down=0
Mouse message: x=720, y=784, is_down=0
Mouse message: x=720, y=782, is_down=0
Mouse message: x=720, y=781, is_down=0
Mouse message: x=720, y=780, is_down=0
Mouse message: x=720, y=778, is_down=0
Mouse message: x=720, y=776, is_down=0
Mouse message: x=720, y=775, is_down=0
Mouse message: x=720, y=774, is_down=0
Mouse message: x=719, y=771, is_down=0
Mouse message: x=719, y=769, is_down=0
Mouse message: x=719, y=767, is_down=0
Mouse message: x=719, y=766, is_down=0
Mouse message: x=719, y=763, is_down=0
Mouse message: x=719, y=761, is_down=0
Drawing interface...
Drawing MENU...
Controlling frame rate...
Processing input...
Processing mouse messages...
Mouse message: x=719, y=759, is_down=0
Mouse message: x=719, y=756, is_down=0
Mouse message: x=719, y=755, is_down=0
Mouse message: x=718, y=755, is_down=0
Mouse message: x=717, y=758, is_down=0
Mouse message: x=717, y=756, is_down=0
Mouse message: x=717, y=755, is_down=0
Mouse message: x=717, y=754, is_down=0
Mouse message: x=717, y=752, is_down=0
Mouse message: x=717, y=750, is_down=0
Mouse message: x=717, y=750, is_down=0
Mouse message: x=717, y=748, is_down=0
Mouse message: x=717, y=746, is_down=0
Mouse message: x=717, y=744, is_down=0
Mouse message: x=717, y=743, is_down=0
Mouse message: x=717, y=742, is_down=0
Mouse message: x=718, y=739, is_down=0
Drawing interface...
Drawing MENU...
Controlling frame rate...
Processing input...
Processing mouse messages...
Mouse message: x=719, y=737, is_down=0
Mouse message: x=719, y=735, is_down=0
Mouse message: x=720, y=733, is_down=0
Mouse message: x=720, y=732, is_down=0
Mouse message: x=721, y=730, is_down=0
Mouse message: x=721, y=730, is_down=0
Mouse message: x=722, y=728, is_down=0
Mouse message: x=723, y=726, is_down=0
Mouse message: x=724, y=722, is_down=0
Mouse message: x=725, y=721, is_down=0
Mouse message: x=726, y=719, is_down=0
Mouse message: x=727, y=717, is_down=0
Mouse message: x=727, y=715, is_down=0
Mouse message: x=728, y=715, is_down=0
Mouse message: x=729, y=712, is_down=0
Drawing interface...
Drawing MENU...
Controlling frame rate...
Processing input...
Processing mouse messages...
Mouse message: x=730, y=710, is_down=0
Mouse message: x=732, y=707, is_down=0
Mouse message: x=733, y=705, is_down=0
Mouse message: x=730, y=709, is_down=0
Mouse message: x=730, y=708, is_down=0
Mouse message: x=730, y=706, is_down=0
Mouse message: x=731, y=705, is_down=0
Mouse message: x=731, y=705, is_down=0
Mouse message: x=733, y=704, is_down=0
Mouse message: x=734, y=702, is_down=0
Mouse message: x=736, y=700, is_down=0
Mouse message: x=736, y=699, is_down=0
Mouse message: x=737, y=696, is_down=0
Mouse message: x=738, y=696, is_down=0
Mouse message: x=739, y=694, is_down=0
Mouse message: x=736, y=697, is_down=0
Mouse message: x=737, y=695, is_down=0
Mouse message: x=738, y=694, is_down=0
Mouse message: x=738, y=693, is_down=0
Drawing interface...
Drawing MENU...
Controlling frame rate...
Processing input...
Processing mouse messages...
Mouse message: x=740, y=690, is_down=0
Mouse message: x=741, y=689, is_down=0
Mouse message: x=742, y=688, is_down=0
Mouse message: x=742, y=687, is_down=0
Mouse message: x=743, y=686, is_down=0
Mouse message: x=744, y=684, is_down=0
Mouse message: x=744, y=684, is_down=0
Mouse message: x=745, y=684, is_down=0
Mouse message: x=746, y=683, is_down=0
Mouse message: x=746, y=683, is_down=0
Mouse message: x=747, y=682, is_down=0
Mouse message: x=748, y=681, is_down=0
Mouse message: x=748, y=680, is_down=0
Mouse message: x=748, y=680, is_down=0
Mouse message: x=749, y=679, is_down=0
Mouse message: x=748, y=680, is_down=0
Drawing interface...
Drawing MENU...
Controlling frame rate...
Processing input...
Processing mouse messages...
Mouse message: x=749, y=678, is_down=0
Mouse message: x=749, y=678, is_down=0
Mouse message: x=750, y=680, is_down=0
Mouse message: x=750, y=680, is_down=0
Mouse message: x=751, y=680, is_down=0
Mouse message: x=751, y=679, is_down=0
Mouse message: x=752, y=679, is_down=0
Mouse message: x=752, y=678, is_down=0
Mouse message: x=752, y=677, is_down=0
Mouse message: x=752, y=677, is_down=0
Mouse message: x=752, y=676, is_down=0
Mouse message: x=752, y=676, is_down=0
Drawing interface...
Drawing MENU...
Controlling frame rate...
Processing input...
Processing mouse messages...
Mouse message: x=753, y=675, is_down=0
Mouse message: x=753, y=675, is_down=0
Mouse message: x=753, y=675, is_down=0
Mouse message: x=753, y=674, is_down=0
Mouse message: x=754, y=673, is_down=0
Mouse message: x=754, y=673, is_down=0
Mouse message: x=755, y=676, is_down=0
Mouse message: x=755, y=675, is_down=0
Mouse message: x=755, y=675, is_down=0
Mouse message: x=755, y=674, is_down=0
Mouse message: x=755, y=674, is_down=0
Mouse message: x=755, y=673, is_down=0
Drawing interface...
Drawing MENU...
Controlling frame rate...
Processing input...
Processing mouse messages...
Mouse message: x=756, y=673, is_down=0
Mouse message: x=756, y=672, is_down=0
Mouse message: x=756, y=672, is_down=0
Mouse message: x=757, y=671, is_down=0
Drawing interface...
Drawing MENU...
Controlling frame rate...
Processing input...
Processing mouse messages...
Drawing interface...
Drawing MENU...
Controlling frame rate...
Processing input...
Processing mouse messages...
Mouse message: x=757, y=672, is_down=0
Mouse message: x=757, y=672, is_down=0
Mouse message: x=757, y=673, is_down=0
Mouse message: x=758, y=673, is_down=0
Mouse message: x=758, y=674, is_down=0
Mouse message: x=758, y=674, is_down=0
Mouse message: x=759, y=675, is_down=0
Mouse message: x=759, y=676, is_down=0
Mouse message: x=759, y=676, is_down=0
Mouse message: x=759, y=677, is_down=0
Mouse message: x=760, y=678, is_down=0
Mouse message: x=760, y=678, is_down=0
Mouse message: x=760, y=679, is_down=0
Drawing interface...
Drawing MENU...
Controlling frame rate...
Processing input...
Processing mouse messages...
Mouse message: x=761, y=680, is_down=0
Mouse message: x=761, y=681, is_down=0
Mouse message: x=761, y=681, is_down=0
Mouse message: x=761, y=682, is_down=0
Mouse message: x=762, y=683, is_down=0
Mouse message: x=763, y=684, is_down=0
Mouse message: x=763, y=684, is_down=0
Mouse message: x=763, y=685, is_down=0
Mouse message: x=764, y=685, is_down=0
Mouse message: x=764, y=686, is_down=0
Mouse message: x=764, y=687, is_down=0
Mouse message: x=765, y=688, is_down=0
Mouse message: x=765, y=688, is_down=0
Mouse message: x=766, y=689, is_down=0
Mouse message: x=767, y=689, is_down=0
Drawing interface...
Drawing MENU...
Controlling frame rate...
Processing input...
Processing mouse messages...
Mouse message: x=768, y=691, is_down=0
Mouse message: x=768, y=692, is_down=0
Mouse message: x=768, y=692, is_down=0
Mouse message: x=769, y=694, is_down=0
Mouse message: x=769, y=694, is_down=0
Mouse message: x=770, y=695, is_down=0
Mouse message: x=771, y=695, is_down=0
Mouse message: x=771, y=696, is_down=0
Mouse message: x=772, y=697, is_down=0
Mouse message: x=772, y=697, is_down=0
Mouse message: x=773, y=698, is_down=0
Mouse message: x=773, y=698, is_down=0
Mouse message: x=774, y=699, is_down=0
Mouse message: x=774, y=699, is_down=0
Mouse message: x=774, y=700, is_down=0
Mouse message: x=775, y=701, is_down=0
Mouse message: x=775, y=702, is_down=0
Mouse message: x=776, y=702, is_down=0
Drawing interface...
Drawing MENU...
Controlling frame rate...
Processing input...
Processing mouse messages...
Mouse message: x=777, y=703, is_down=0
Mouse message: x=777, y=704, is_down=0
Mouse message: x=778, y=704, is_down=0
Mouse message: x=778, y=704, is_down=0
Mouse message: x=778, y=704, is_down=0
Mouse message: x=779, y=705, is_down=0
Mouse message: x=779, y=705, is_down=0
Mouse message: x=780, y=706, is_down=0
Mouse message: x=780, y=706, is_down=0
Mouse message: x=780, y=706, is_down=0
Mouse message: x=780, y=707, is_down=0
Mouse message: x=780, y=708, is_down=0
Mouse message: x=781, y=708, is_down=0
Mouse message: x=782, y=708, is_down=0
Mouse message: x=782, y=709, is_down=0
Mouse message: x=782, y=709, is_down=0
Drawing interface...
Drawing MENU...
Controlling frame rate...
Processing input...
Processing mouse messages...
Mouse message: x=783, y=709, is_down=0
Mouse message: x=783, y=710, is_down=0
Mouse message: x=784, y=710, is_down=0
Mouse message: x=784, y=710, is_down=0
Mouse message: x=784, y=711, is_down=0
Mouse message: x=785, y=712, is_down=0
Mouse message: x=786, y=713, is_down=0
Mouse message: x=786, y=713, is_down=0
Mouse message: x=787, y=713, is_down=0
Mouse message: x=787, y=714, is_down=0
Mouse message: x=788, y=715, is_down=0
Mouse message: x=788, y=716, is_down=0
Mouse message: x=789, y=716, is_down=0
Mouse message: x=789, y=716, is_down=0
Drawing interface...
Drawing MENU...
Controlling frame rate...
Processing input...
Processing mouse messages...
Mouse message: x=790, y=717, is_down=0
Mouse message: x=791, y=717, is_down=0
Mouse message: x=791, y=718, is_down=0
Mouse message: x=792, y=717, is_down=0
Mouse message: x=793, y=717, is_down=0
Mouse message: x=793, y=717, is_down=0
Mouse message: x=793, y=718, is_down=0
Mouse message: x=794, y=718, is_down=0
Mouse message: x=794, y=719, is_down=0
Drawing interface...
Drawing MENU...
Controlling frame rate...
Processing input...
Processing mouse messages...
Mouse message: x=796, y=721, is_down=0
Mouse message: x=796, y=722, is_down=0
Mouse message: x=796, y=722, is_down=0
Mouse message: x=797, y=723, is_down=0
Mouse message: x=797, y=723, is_down=0
Mouse message: x=797, y=724, is_down=0
Mouse message: x=797, y=724, is_down=0
Mouse message: x=798, y=725, is_down=0
Mouse message: x=798, y=725, is_down=0
Mouse message: x=798, y=726, is_down=0
Mouse message: x=799, y=726, is_down=0
Mouse message: x=799, y=727, is_down=0
Mouse message: x=799, y=728, is_down=0
Drawing interface...
Drawing MENU...
Controlling frame rate...
Processing input...
Processing mouse messages...
Mouse message: x=800, y=729, is_down=0
Mouse message: x=801, y=730, is_down=0
Mouse message: x=801, y=730, is_down=0
Mouse message: x=801, y=731, is_down=0
Mouse message: x=801, y=732, is_down=0
Mouse message: x=802, y=732, is_down=0
Mouse message: x=802, y=733, is_down=0
Mouse message: x=802, y=733, is_down=0
Mouse message: x=803, y=735, is_down=0
Mouse message: x=804, y=735, is_down=0
Mouse message: x=804, y=736, is_down=0
Mouse message: x=804, y=738, is_down=0
Mouse message: x=805, y=738, is_down=0
Mouse message: x=805, y=739, is_down=0
Drawing interface...
Drawing MENU...
Controlling frame rate...
Processing input...
Processing mouse messages...
Mouse message: x=805, y=741, is_down=0
Mouse message: x=806, y=741, is_down=0
Mouse message: x=806, y=741, is_down=0
Mouse message: x=807, y=742, is_down=0
Mouse message: x=807, y=742, is_down=0
Mouse message: x=807, y=743, is_down=0
Mouse message: x=807, y=744, is_down=0
Mouse message: x=807, y=746, is_down=0
Mouse message: x=807, y=746, is_down=0
Mouse message: x=807, y=747, is_down=0
Mouse message: x=808, y=748, is_down=0
Mouse message: x=808, y=748, is_down=0
Mouse message: x=808, y=749, is_down=0
Drawing interface...
Drawing MENU...
Controlling frame rate...
Processing input...
Processing mouse messages...
Mouse message: x=808, y=751, is_down=0
Mouse message: x=808, y=751, is_down=0
Mouse message: x=809, y=752, is_down=0
Mouse message: x=809, y=753, is_down=0
Mouse message: x=809, y=753, is_down=0
Mouse message: x=809, y=754, is_down=0
Mouse message: x=809, y=754, is_down=0
Mouse message: x=809, y=755, is_down=0
Mouse message: x=810, y=755, is_down=0
Mouse message: x=810, y=756, is_down=0
Mouse message: x=810, y=757, is_down=0
Mouse message: x=810, y=757, is_down=0
Mouse message: x=810, y=757, is_down=0
Mouse message: x=810, y=758, is_down=0
Mouse message: x=810, y=758, is_down=0
Mouse message: x=810, y=759, is_down=0
Drawing interface...
Drawing MENU...
Controlling frame rate...
Processing input...
Processing mouse messages...
Mouse message: x=811, y=760, is_down=0
Mouse message: x=811, y=761, is_down=0
Mouse message: x=811, y=761, is_down=0
Mouse message: x=811, y=762, is_down=0
Mouse message: x=811, y=762, is_down=0
Mouse message: x=811, y=763, is_down=0
Mouse message: x=811, y=763, is_down=0
Drawing interface...
Drawing MENU...
Controlling frame rate...
Processing input...
Processing mouse messages...
Mouse message: x=811, y=765, is_down=0
Mouse message: x=811, y=765, is_down=0
Mouse message: x=811, y=766, is_down=0
Mouse message: x=811, y=766, is_down=0
Drawing interface...
Drawing MENU...
Controlling frame rate...
Processing input...
Processing mouse messages...
Drawing interface...
Drawing MENU...
Controlling frame rate...
Processing input...
Processing mouse messages...
Mouse message: x=811, y=767, is_down=0
Drawing interface...
Drawing MENU...
Controlling frame rate...
Processing input...
Processing mouse messages...
Drawing interface...
Drawing MENU...
Controlling frame rate...
Processing input...
Processing mouse messages...
Mouse message: x=811, y=765, is_down=0
Mouse message: x=811, y=764, is_down=0
Mouse message: x=812, y=764, is_down=0
Mouse message: x=812, y=764, is_down=0
Mouse message: x=812, y=763, is_down=0
Mouse message: x=813, y=762, is_down=0
Drawing interface...
Drawing MENU...
Controlling frame rate...
Processing input...
Processing mouse messages...
Mouse message: x=814, y=761, is_down=0
Mouse message: x=814, y=760, is_down=0
Mouse message: x=815, y=760, is_down=0
Mouse message: x=815, y=759, is_down=0
Mouse message: x=816, y=759, is_down=0
Mouse message: x=816, y=758, is_down=0
Mouse message: x=817, y=758, is_down=0
Mouse message: x=817, y=757, is_down=0
Mouse message: x=817, y=759, is_down=0
Mouse message: x=817, y=758, is_down=0
Mouse message: x=818, y=757, is_down=0
Mouse message: x=819, y=756, is_down=0
Mouse message: x=819, y=756, is_down=0
Mouse message: x=820, y=755, is_down=0
Drawing interface...
Drawing MENU...
Controlling frame rate...
Processing input...
Processing mouse messages...
Mouse message: x=821, y=755, is_down=0
Mouse message: x=822, y=754, is_down=0
Mouse message: x=823, y=753, is_down=0
Mouse message: x=823, y=753, is_down=0
Mouse message: x=825, y=751, is_down=0
Mouse message: x=825, y=751, is_down=0
Mouse message: x=826, y=750, is_down=0
Mouse message: x=827, y=750, is_down=0
Mouse message: x=828, y=748, is_down=0
Mouse message: x=828, y=748, is_down=0
Mouse message: x=830, y=747, is_down=0
Mouse message: x=830, y=747, is_down=0
Mouse message: x=832, y=746, is_down=0
Mouse message: x=833, y=744, is_down=0
Mouse message: x=833, y=744, is_down=0
Mouse message: x=835, y=743, is_down=0
Mouse message: x=837, y=742, is_down=0
Mouse message: x=837, y=742, is_down=0
Drawing interface...
Drawing MENU...
Controlling frame rate...
Processing input...
Processing mouse messages...
Mouse message: x=841, y=739, is_down=0
Mouse message: x=843, y=737, is_down=0
Mouse message: x=844, y=737, is_down=0
Mouse message: x=846, y=736, is_down=0
Mouse message: x=847, y=735, is_down=0
Mouse message: x=850, y=734, is_down=0
Mouse message: x=852, y=733, is_down=0
Mouse message: x=854, y=731, is_down=0
Mouse message: x=857, y=730, is_down=0
Mouse message: x=859, y=729, is_down=0
Mouse message: x=862, y=727, is_down=0
Mouse message: x=863, y=727, is_down=0
Mouse message: x=866, y=725, is_down=0
Mouse message: x=869, y=724, is_down=0
Mouse message: x=871, y=722, is_down=0
Mouse message: x=874, y=721, is_down=0
Drawing interface...
Drawing MENU...
Controlling frame rate...
Processing input...
Processing mouse messages...
Mouse message: x=881, y=718, is_down=0
Mouse message: x=885, y=716, is_down=0
Mouse message: x=888, y=715, is_down=0
Mouse message: x=891, y=714, is_down=0
Mouse message: x=895, y=712, is_down=0
Mouse message: x=897, y=711, is_down=0
Mouse message: x=901, y=710, is_down=0
Mouse message: x=907, y=707, is_down=0
Mouse message: x=912, y=705, is_down=0
Mouse message: x=915, y=704, is_down=0
Mouse message: x=921, y=702, is_down=0
Mouse message: x=923, y=701, is_down=0
Mouse message: x=926, y=698, is_down=0
Mouse message: x=929, y=697, is_down=0
Mouse message: x=934, y=695, is_down=0
Mouse message: x=938, y=693, is_down=0
Mouse message: x=943, y=690, is_down=0
Mouse message: x=948, y=689, is_down=0
Drawing interface...
Drawing MENU...
Controlling frame rate...
Processing input...
Processing mouse messages...
Mouse message: x=957, y=685, is_down=0
Mouse message: x=961, y=683, is_down=0
Mouse message: x=967, y=680, is_down=0
Mouse message: x=973, y=678, is_down=0
Mouse message: x=977, y=676, is_down=0
Mouse message: x=976, y=678, is_down=0
Mouse message: x=979, y=677, is_down=0
Mouse message: x=985, y=676, is_down=0
Mouse message: x=990, y=674, is_down=0
Mouse message: x=993, y=674, is_down=0
Mouse message: x=996, y=672, is_down=0
Mouse message: x=1002, y=669, is_down=0
Mouse message: x=1008, y=666, is_down=0
Mouse message: x=1015, y=663, is_down=0
Mouse message: x=1021, y=660, is_down=0
Drawing interface...
Drawing MENU...
Controlling frame rate...
Processing input...
Processing mouse messages...
Mouse message: x=1032, y=655, is_down=0
Mouse message: x=1039, y=652, is_down=0
Mouse message: x=1045, y=649, is_down=0
Mouse message: x=1054, y=646, is_down=0
Mouse message: x=1061, y=643, is_down=0
Mouse message: x=1068, y=640, is_down=0
Mouse message: x=1074, y=637, is_down=0
Mouse message: x=1081, y=634, is_down=0
Mouse message: x=1088, y=631, is_down=0
Mouse message: x=1097, y=628, is_down=0
Mouse message: x=1104, y=625, is_down=0
Mouse message: x=1106, y=625, is_down=0
Mouse message: x=1109, y=625, is_down=0
Mouse message: x=1113, y=624, is_down=0
Mouse message: x=1119, y=621, is_down=0
Mouse message: x=1126, y=618, is_down=0
Mouse message: x=1133, y=615, is_down=0
Mouse message: x=1140, y=612, is_down=0
Mouse message: x=1148, y=608, is_down=0
Mouse message: x=1155, y=605, is_down=0
Drawing interface...
Drawing MENU...
Controlling frame rate...
Processing input...
Processing mouse messages...
Mouse message: x=1169, y=598, is_down=0
Mouse message: x=1179, y=595, is_down=0
Mouse message: x=1186, y=592, is_down=0
Mouse message: x=1193, y=588, is_down=0
Drawing interface...
Drawing MENU...
Controlling frame rate...
Processing input...
Processing mouse messages...
Mouse message: x=1191, y=647, is_down=0
Mouse message: x=1189, y=647, is_down=0
Mouse message: x=1185, y=648, is_down=0
Mouse message: x=1182, y=648, is_down=0
Mouse message: x=1180, y=648, is_down=0
Mouse message: x=1176, y=649, is_down=0
Mouse message: x=1173, y=649, is_down=0
Mouse message: x=1172, y=649, is_down=0
Mouse message: x=1168, y=649, is_down=0
Mouse message: x=1163, y=649, is_down=0
Mouse message: x=1162, y=649, is_down=0
Mouse message: x=1159, y=649, is_down=0
Mouse message: x=1157, y=649, is_down=0
Mouse message: x=1154, y=649, is_down=0
Mouse message: x=1151, y=649, is_down=0
Mouse message: x=1150, y=649, is_down=0
Mouse message: x=1146, y=649, is_down=0
Drawing interface...
Drawing MENU...
Controlling frame rate...
Processing input...
Processing mouse messages...
Mouse message: x=1140, y=650, is_down=0
Mouse message: x=1136, y=650, is_down=0
Mouse message: x=1132, y=651, is_down=0
Mouse message: x=1129, y=651, is_down=0
Mouse message: x=1127, y=651, is_down=0
Mouse message: x=1124, y=651, is_down=0
Mouse message: x=1120, y=652, is_down=0
Mouse message: x=1118, y=652, is_down=0
Mouse message: x=1114, y=652, is_down=0
Mouse message: x=1110, y=652, is_down=0
Mouse message: x=1109, y=652, is_down=0
Mouse message: x=1105, y=652, is_down=0
Mouse message: x=1104, y=652, is_down=0
Mouse message: x=1098, y=653, is_down=0
Mouse message: x=1094, y=654, is_down=0
Mouse message: x=1093, y=654, is_down=0
Drawing interface...
Drawing MENU...
Controlling frame rate...
Processing input...
Processing mouse messages...
Mouse message: x=1083, y=654, is_down=0
Mouse message: x=1082, y=655, is_down=0
Mouse message: x=1077, y=656, is_down=0
Mouse message: x=1073, y=656, is_down=0
Mouse message: x=1071, y=656, is_down=0
Mouse message: x=1065, y=657, is_down=0
Mouse message: x=1060, y=657, is_down=0
Mouse message: x=1058, y=657, is_down=0
Mouse message: x=1053, y=658, is_down=0
Mouse message: x=1047, y=658, is_down=0
Mouse message: x=1045, y=658, is_down=0
Mouse message: x=1040, y=659, is_down=0
Mouse message: x=1034, y=660, is_down=0
Mouse message: x=1032, y=660, is_down=0
Mouse message: x=1027, y=661, is_down=0
Mouse message: x=1021, y=663, is_down=0
Mouse message: x=1019, y=663, is_down=0
Drawing interface...
Drawing MENU...
Controlling frame rate...
Processing input...
Processing mouse messages...
Mouse message: x=1008, y=665, is_down=0
Mouse message: x=1006, y=665, is_down=0
Mouse message: x=1001, y=665, is_down=0
Mouse message: x=999, y=665, is_down=0
Mouse message: x=997, y=666, is_down=0
Mouse message: x=991, y=667, is_down=0
Mouse message: x=986, y=667, is_down=0
Mouse message: x=984, y=668, is_down=0
Mouse message: x=979, y=669, is_down=0
Mouse message: x=973, y=671, is_down=0
Mouse message: x=969, y=671, is_down=0
Mouse message: x=966, y=672, is_down=0
Mouse message: x=964, y=674, is_down=0
Mouse message: x=961, y=674, is_down=0
Mouse message: x=958, y=674, is_down=0
Mouse message: x=954, y=675, is_down=0
Mouse message: x=949, y=676, is_down=0
Mouse message: x=946, y=677, is_down=0
Drawing interface...
Drawing MENU...
Controlling frame rate...
Processing input...
Processing mouse messages...
Mouse message: x=938, y=680, is_down=0
Mouse message: x=935, y=681, is_down=0
Mouse message: x=933, y=682, is_down=0
Mouse message: x=928, y=685, is_down=0
Mouse message: x=925, y=686, is_down=0
Mouse message: x=921, y=688, is_down=0
Mouse message: x=919, y=689, is_down=0
Mouse message: x=915, y=691, is_down=0
Mouse message: x=911, y=693, is_down=0
Mouse message: x=908, y=693, is_down=0
Mouse message: x=906, y=695, is_down=0
Mouse message: x=902, y=698, is_down=0
Mouse message: x=899, y=698, is_down=0
Mouse message: x=895, y=702, is_down=0
Mouse message: x=893, y=703, is_down=0
Drawing interface...
Drawing MENU...
Controlling frame rate...
Processing input...
Processing mouse messages...
Mouse message: x=888, y=705, is_down=0
Mouse message: x=885, y=707, is_down=0
Mouse message: x=882, y=709, is_down=0
Mouse message: x=880, y=710, is_down=0
Mouse message: x=878, y=712, is_down=0
Mouse message: x=873, y=715, is_down=0
Mouse message: x=871, y=716, is_down=0
Mouse message: x=868, y=718, is_down=0
Mouse message: x=866, y=720, is_down=0
Mouse message: x=864, y=721, is_down=0
Mouse message: x=862, y=722, is_down=0
Mouse message: x=858, y=725, is_down=0
Mouse message: x=858, y=726, is_down=0
Mouse message: x=856, y=726, is_down=0
Mouse message: x=852, y=730, is_down=0
Mouse message: x=850, y=733, is_down=0
Mouse message: x=847, y=735, is_down=0
Mouse message: x=846, y=737, is_down=0
Drawing interface...
Drawing MENU...
Controlling frame rate...
Processing input...
Processing mouse messages...
Mouse message: x=842, y=740, is_down=0
Mouse message: x=841, y=742, is_down=0
Mouse message: x=838, y=745, is_down=0
Mouse message: x=837, y=746, is_down=0
Mouse message: x=835, y=748, is_down=0
Mouse message: x=833, y=749, is_down=0
Mouse message: x=832, y=753, is_down=0
Mouse message: x=830, y=754, is_down=0
Mouse message: x=832, y=751, is_down=0
Mouse message: x=831, y=752, is_down=0
Mouse message: x=830, y=755, is_down=0
Mouse message: x=828, y=758, is_down=0
Mouse message: x=827, y=760, is_down=0
Mouse message: x=826, y=762, is_down=0
Mouse message: x=824, y=764, is_down=0
Mouse message: x=822, y=766, is_down=0
Drawing interface...
Drawing MENU...
Controlling frame rate...
Processing input...
Processing mouse messages...
Mouse message: x=819, y=770, is_down=0
Mouse message: x=818, y=772, is_down=0
Mouse message: x=816, y=774, is_down=0
Mouse message: x=815, y=776, is_down=0
Mouse message: x=814, y=779, is_down=0
Mouse message: x=812, y=781, is_down=0
Mouse message: x=812, y=782, is_down=0
Mouse message: x=809, y=786, is_down=0
Mouse message: x=808, y=787, is_down=0
Mouse message: x=807, y=789, is_down=0
Mouse message: x=806, y=791, is_down=0
Mouse message: x=804, y=792, is_down=0
Mouse message: x=804, y=795, is_down=0
Mouse message: x=802, y=798, is_down=0
Mouse message: x=800, y=801, is_down=0
Mouse message: x=800, y=803, is_down=0
Drawing interface...
Drawing MENU...
Controlling frame rate...
Processing input...
Processing mouse messages...
Mouse message: x=794, y=806, is_down=0
Mouse message: x=793, y=807, is_down=0
Mouse message: x=793, y=810, is_down=0
Mouse message: x=791, y=811, is_down=0
Mouse message: x=790, y=814, is_down=0
Mouse message: x=789, y=816, is_down=0
Mouse message: x=787, y=819, is_down=0
Mouse message: x=787, y=820, is_down=0
Mouse message: x=785, y=822, is_down=0
Mouse message: x=785, y=824, is_down=0
Mouse message: x=783, y=826, is_down=0
Mouse message: x=782, y=828, is_down=0
Mouse message: x=781, y=829, is_down=0
Mouse message: x=780, y=832, is_down=0
Mouse message: x=779, y=835, is_down=0
Mouse message: x=777, y=837, is_down=0
Mouse message: x=776, y=838, is_down=0
Drawing interface...
Drawing MENU...
Controlling frame rate...
Processing input...
Processing mouse messages...
Mouse message: x=774, y=841, is_down=0
Mouse message: x=773, y=844, is_down=0
Mouse message: x=772, y=846, is_down=0
Mouse message: x=771, y=848, is_down=0
Mouse message: x=771, y=849, is_down=0
Mouse message: x=772, y=851, is_down=0
Mouse message: x=772, y=852, is_down=0
Mouse message: x=771, y=854, is_down=0
Mouse message: x=770, y=856, is_down=0
Mouse message: x=769, y=857, is_down=0
Mouse message: x=769, y=858, is_down=0
Mouse message: x=767, y=861, is_down=0
Mouse message: x=766, y=861, is_down=0
Mouse message: x=766, y=862, is_down=0
Mouse message: x=764, y=864, is_down=0
Mouse message: x=764, y=866, is_down=0
Drawing interface...
Drawing MENU...
Controlling frame rate...
Processing input...
Processing mouse messages...
Mouse message: x=762, y=868, is_down=0
Mouse message: x=762, y=869, is_down=0
Mouse message: x=761, y=871, is_down=0
Mouse message: x=760, y=872, is_down=0
Mouse message: x=759, y=873, is_down=0
Mouse message: x=757, y=875, is_down=0
Mouse message: x=756, y=876, is_down=0
Mouse message: x=756, y=877, is_down=0
Mouse message: x=755, y=879, is_down=0
Mouse message: x=754, y=879, is_down=0
Mouse message: x=754, y=880, is_down=0
Mouse message: x=753, y=881, is_down=0
Mouse message: x=753, y=881, is_down=0
Mouse message: x=751, y=883, is_down=0
Mouse message: x=751, y=883, is_down=0
Mouse message: x=751, y=884, is_down=0
Mouse message: x=750, y=885, is_down=0
Drawing interface...
Drawing MENU...
Controlling frame rate...
Processing input...
Processing mouse messages...
Mouse message: x=749, y=887, is_down=0
Mouse message: x=747, y=886, is_down=0
Mouse message: x=747, y=886, is_down=0
Mouse message: x=746, y=887, is_down=0
Mouse message: x=745, y=888, is_down=0
Mouse message: x=745, y=888, is_down=0
Mouse message: x=745, y=889, is_down=0
Mouse message: x=743, y=890, is_down=0
Mouse message: x=743, y=890, is_down=0
Mouse message: x=742, y=891, is_down=0
Mouse message: x=741, y=892, is_down=0
Mouse message: x=741, y=893, is_down=0
Mouse message: x=740, y=893, is_down=0
Mouse message: x=740, y=893, is_down=0
Drawing interface...
Drawing MENU...
Controlling frame rate...
Processing input...
Processing mouse messages...
Mouse message: x=739, y=894, is_down=0
Mouse message: x=739, y=895, is_down=0
Mouse message: x=738, y=895, is_down=0
Mouse message: x=738, y=895, is_down=0
Mouse message: x=737, y=897, is_down=0
Mouse message: x=736, y=897, is_down=0
Mouse message: x=735, y=898, is_down=0
Mouse message: x=735, y=898, is_down=0
Mouse message: x=734, y=898, is_down=0
Drawing interface...
Drawing MENU...
Controlling frame rate...
Processing input...
Processing mouse messages...
Mouse message: x=673, y=895, is_down=0
Mouse message: x=673, y=893, is_down=0
Mouse message: x=673, y=892, is_down=0
Mouse message: x=673, y=890, is_down=0
Mouse message: x=672, y=888, is_down=0
Mouse message: x=672, y=887, is_down=0
Mouse message: x=671, y=886, is_down=0
Mouse message: x=671, y=883, is_down=0
Mouse message: x=671, y=882, is_down=0
Mouse message: x=671, y=879, is_down=0
Mouse message: x=671, y=878, is_down=0
Mouse message: x=671, y=877, is_down=0
Mouse message: x=670, y=874, is_down=0
Mouse message: x=670, y=872, is_down=0
Mouse message: x=669, y=869, is_down=0
Mouse message: x=669, y=867, is_down=0
Drawing interface...
Drawing MENU...
Controlling frame rate...
Processing input...
Processing mouse messages...
Mouse message: x=669, y=861, is_down=0
Mouse message: x=669, y=859, is_down=0
Mouse message: x=669, y=857, is_down=0
Mouse message: x=668, y=855, is_down=0
Mouse message: x=668, y=853, is_down=0
Mouse message: x=667, y=849, is_down=0
Mouse message: x=667, y=846, is_down=0
Mouse message: x=667, y=845, is_down=0
Mouse message: x=666, y=843, is_down=0
Mouse message: x=666, y=839, is_down=0
Mouse message: x=666, y=836, is_down=0
Mouse message: x=666, y=834, is_down=0
Mouse message: x=666, y=831, is_down=0
Drawing interface...
Drawing MENU...
Controlling frame rate...
Processing input...
Processing mouse messages...
Mouse message: x=551, y=834, is_down=0
Mouse message: x=548, y=835, is_down=0
Mouse message: x=545, y=838, is_down=0
Mouse message: x=542, y=839, is_down=0
Mouse message: x=541, y=840, is_down=0
Mouse message: x=539, y=841, is_down=0
Mouse message: x=537, y=842, is_down=0
Mouse message: x=534, y=844, is_down=0
Mouse message: x=533, y=844, is_down=0
Mouse message: x=532, y=844, is_down=0
Mouse message: x=529, y=846, is_down=0
Mouse message: x=526, y=848, is_down=0
Mouse message: x=526, y=848, is_down=0
Mouse message: x=524, y=850, is_down=0
Mouse message: x=522, y=850, is_down=0
Mouse message: x=519, y=852, is_down=0
Drawing interface...
Drawing MENU...
Controlling frame rate...
Processing input...
Processing mouse messages...
Mouse message: x=517, y=853, is_down=0
Mouse message: x=514, y=855, is_down=0
Mouse message: x=514, y=855, is_down=0
Mouse message: x=512, y=856, is_down=0
Mouse message: x=510, y=857, is_down=0
Mouse message: x=508, y=858, is_down=0
Mouse message: x=506, y=859, is_down=0
Mouse message: x=505, y=859, is_down=0
Mouse message: x=504, y=860, is_down=0
Mouse message: x=503, y=861, is_down=0
Mouse message: x=501, y=862, is_down=0
Mouse message: x=500, y=862, is_down=0
Mouse message: x=499, y=863, is_down=0
Mouse message: x=498, y=863, is_down=0
Drawing interface...
Drawing MENU...
Controlling frame rate...
Processing input...
Processing mouse messages...
Mouse message: x=495, y=865, is_down=0
Mouse message: x=494, y=865, is_down=0
Mouse message: x=494, y=866, is_down=0
Mouse message: x=493, y=866, is_down=0
Mouse message: x=492, y=866, is_down=0
Mouse message: x=491, y=867, is_down=0
Mouse message: x=492, y=868, is_down=0
Mouse message: x=492, y=869, is_down=0
Mouse message: x=491, y=870, is_down=0
Mouse message: x=491, y=870, is_down=0
Mouse message: x=491, y=871, is_down=0
Mouse message: x=490, y=871, is_down=0
Mouse message: x=490, y=872, is_down=0
Mouse message: x=489, y=872, is_down=0
Mouse message: x=488, y=872, is_down=0
Mouse message: x=488, y=873, is_down=0
Mouse message: x=488, y=874, is_down=0
Mouse message: x=487, y=874, is_down=0
Drawing interface...
Drawing MENU...
Controlling frame rate...
Processing input...
Processing mouse messages...
Mouse message: x=487, y=875, is_down=0
Mouse message: x=486, y=876, is_down=0
Mouse message: x=486, y=876, is_down=0
Mouse message: x=486, y=877, is_down=0
Mouse message: x=485, y=878, is_down=0
Mouse message: x=485, y=879, is_down=0
Mouse message: x=484, y=879, is_down=0
Mouse message: x=484, y=880, is_down=0
Mouse message: x=484, y=881, is_down=0
Mouse message: x=484, y=881, is_down=0
Mouse message: x=484, y=882, is_down=0
Mouse message: x=483, y=882, is_down=0
Mouse message: x=483, y=882, is_down=0
Mouse message: x=483, y=883, is_down=0
Mouse message: x=483, y=883, is_down=0
Mouse message: x=483, y=884, is_down=0
Drawing interface...
Drawing MENU...
Controlling frame rate...
Processing input...
Processing mouse messages...
Mouse message: x=482, y=885, is_down=0
Mouse message: x=482, y=885, is_down=0
Mouse message: x=479, y=884, is_down=0
Mouse message: x=479, y=884, is_down=0
Mouse message: x=479, y=885, is_down=0
Mouse message: x=478, y=885, is_down=0
Mouse message: x=478, y=886, is_down=0
Mouse message: x=478, y=886, is_down=0
Mouse message: x=478, y=887, is_down=0
Mouse message: x=478, y=887, is_down=0
Mouse message: x=478, y=888, is_down=0
Drawing interface...
Drawing MENU...
Controlling frame rate...
Processing input...
Processing mouse messages...
Mouse message: x=477, y=888, is_down=0
Mouse message: x=477, y=888, is_down=0
Mouse message: x=476, y=888, is_down=0
Mouse message: x=475, y=888, is_down=0
Mouse message: x=475, y=889, is_down=0
Mouse message: x=475, y=890, is_down=0
Mouse message: x=475, y=890, is_down=0
Mouse message: x=474, y=890, is_down=0
Mouse message: x=474, y=890, is_down=0
Mouse message: x=473, y=890, is_down=0
Drawing interface...
Drawing MENU...
Controlling frame rate...
Processing input...
Processing mouse messages...
Mouse message: x=473, y=891, is_down=0
Mouse message: x=472, y=891, is_down=0
Mouse message: x=471, y=891, is_down=0
Mouse message: x=471, y=892, is_down=0
Mouse message: x=470, y=892, is_down=0
Mouse message: x=470, y=892, is_down=0
Mouse message: x=469, y=892, is_down=0
Mouse message: x=469, y=892, is_down=0
Mouse message: x=469, y=893, is_down=0
Drawing interface...
Drawing MENU...
Controlling frame rate...
Processing input...
Processing mouse messages...
Mouse message: x=467, y=893, is_down=0
Mouse message: x=467, y=894, is_down=0
Mouse message: x=467, y=894, is_down=0
Mouse message: x=466, y=894, is_down=0
Mouse message: x=466, y=895, is_down=0
Mouse message: x=465, y=895, is_down=0
Mouse message: x=465, y=895, is_down=0
Mouse message: x=465, y=896, is_down=0
Mouse message: x=463, y=896, is_down=0
Mouse message: x=463, y=896, is_down=0
Drawing interface...
Drawing MENU...
Controlling frame rate...
Loop count: 100, State: 0
Processing input...
Processing mouse messages...
Mouse message: x=462, y=896, is_down=0
Mouse message: x=462, y=897, is_down=0
Mouse message: x=461, y=897, is_down=0
Mouse message: x=461, y=897, is_down=0
Mouse message: x=461, y=898, is_down=0
Mouse message: x=460, y=898, is_down=0
Mouse message: x=459, y=898, is_down=0
Drawing interface...
Drawing MENU...
Controlling frame rate...
Processing input...
Processing mouse messages...
Mouse message: x=484, y=897, is_down=0
Mouse message: x=485, y=897, is_down=0
Mouse message: x=486, y=895, is_down=0
Mouse message: x=488, y=894, is_down=0
Mouse message: x=489, y=893, is_down=0
Mouse message: x=491, y=892, is_down=0
Mouse message: x=493, y=891, is_down=0
Mouse message: x=494, y=890, is_down=0
Mouse message: x=496, y=889, is_down=0
Mouse message: x=498, y=887, is_down=0
Mouse message: x=499, y=887, is_down=0
Drawing interface...
Drawing MENU...
Controlling frame rate...
Processing input...
Processing mouse messages...
Mouse message: x=504, y=884, is_down=0
Mouse message: x=506, y=882, is_down=0
Mouse message: x=508, y=881, is_down=0
Mouse message: x=510, y=880, is_down=0
Mouse message: x=511, y=879, is_down=0
Mouse message: x=514, y=878, is_down=0
Mouse message: x=516, y=876, is_down=0
Mouse message: x=517, y=876, is_down=0
Mouse message: x=520, y=873, is_down=0
Mouse message: x=522, y=872, is_down=0
Mouse message: x=523, y=870, is_down=0
Mouse message: x=526, y=870, is_down=0
Mouse message: x=529, y=867, is_down=0
Mouse message: x=530, y=866, is_down=0
Mouse message: x=533, y=865, is_down=0
Mouse message: x=536, y=864, is_down=0
Drawing interface...
Drawing MENU...
Controlling frame rate...
Processing input...
Processing mouse messages...
Mouse message: x=541, y=860, is_down=0
Mouse message: x=544, y=859, is_down=0
Mouse message: x=546, y=858, is_down=0
Mouse message: x=549, y=856, is_down=0
Mouse message: x=552, y=854, is_down=0
Mouse message: x=554, y=853, is_down=0
Mouse message: x=557, y=852, is_down=0
Mouse message: x=558, y=851, is_down=0
Mouse message: x=562, y=849, is_down=0
Mouse message: x=563, y=848, is_down=0
Mouse message: x=567, y=846, is_down=0
Mouse message: x=571, y=844, is_down=0
Mouse message: x=572, y=843, is_down=0
Mouse message: x=576, y=840, is_down=0
Mouse message: x=580, y=839, is_down=0
Mouse message: x=584, y=837, is_down=0
Mouse message: x=585, y=835, is_down=0
Mouse message: x=590, y=834, is_down=0
Drawing interface...
Drawing MENU...
